<?xml version="1.0" encoding="UTF-8"?>
<!-- Generated by org.testng.reporters.JUnitReportReporter -->
<testsuite hostname="T" failures="0" tests="1" name="Twarita.e2e_Selenium_TestNG_Framework.tests.LoginErrorTest" time="4.692" errors="0" timestamp="2024-11-30T16:33:46 IST" skipped="0">
  <testcase classname="Twarita.e2e_Selenium_TestNG_Framework.tests.LoginErrorTest" name="submitOrder" time="4.692"/>
</testsuite> <!-- Twarita.e2e_Selenium_TestNG_Framework.tests.LoginErrorTest -->
