<?xml version="1.0" encoding="UTF-8"?>
<!-- Generated by org.testng.reporters.JUnitReportReporter -->
<testsuite hostname="T" failures="0" tests="2" name="Twarita.e2e_Selenium_TestNG_Framework.tests.ErrorValidationTests" time="9.682" errors="0" timestamp="2024-12-12T20:36:03 IST" skipped="0">
  <testcase classname="Twarita.e2e_Selenium_TestNG_Framework.tests.ErrorValidationTests" name="submitOrderFailure" time="5.497"/>
  <testcase classname="Twarita.e2e_Selenium_TestNG_Framework.tests.ErrorValidationTests" name="loginErrorValidation" time="4.185"/>
</testsuite> <!-- Twarita.e2e_Selenium_TestNG_Framework.tests.ErrorValidationTests -->
