<?xml version="1.0" encoding="UTF-8"?>
<!-- Generated by org.testng.reporters.JUnitReportReporter -->
<testsuite hostname="T" failures="0" tests="2" name="Twarita.e2e_Selenium_TestNG_Framework.tests.ErrorValidationTests" time="9.920" errors="0" timestamp="2024-12-12T20:59:28 IST" skipped="0">
  <testcase classname="Twarita.e2e_Selenium_TestNG_Framework.tests.ErrorValidationTests" name="submitOrderFailure" time="4.288"/>
  <testcase classname="Twarita.e2e_Selenium_TestNG_Framework.tests.ErrorValidationTests" name="loginErrorValidation" time="5.632"/>
</testsuite> <!-- Twarita.e2e_Selenium_TestNG_Framework.tests.ErrorValidationTests -->
